INFO 2024-08-20 20:56:09,250 user: {user} 
INFO 2024-08-20 20:56:09,250 slot ['19:00-20:00', 'Court 7', '2024-08-29', '30']
INFO 2024-08-20 20:56:09,250 start: 19:00-20:00
INFO 2024-08-20 20:56:09,250 court: Court 7
INFO 2024-08-20 20:56:09,252 booking_date: 2024-08-29
INFO 2024-08-20 20:56:09,252 price: 30
INFO 2024-08-20 20:56:09,252 start_time: 19:00:00
INFO 2024-08-20 20:56:09,252 end_time: 20:00:00
INFO 2024-08-20 20:56:09,252 booking_date_obj: 2024-08-29
INFO 2024-08-20 20:56:09,253 item: Badminton at Lions
INFO 2024-08-20 20:56:09,257 item_court: Court 7 (Indoor) of Badminton
INFO 2024-08-20 20:56:09,257 item_time object: 19:00:00 - 20:00:00 - Court 7
INFO 2024-08-20 20:56:09,273 order booked: 2024-08-29 - 19:00:00 - 20:00:00 - Ladder A_ - 30 - Closed - Court 7
INFO 2024-08-20 20:56:09,273 "POST /book-slot/ HTTP/1.1" 302 0
INFO 2024-08-20 20:56:09,273 selected date: 2024-08-29
INFO 2024-08-20 20:56:09,859 "GET /admin-schedule/?date=2024-08-29 HTTP/1.1" 200 68723
INFO 2024-08-20 20:56:30,923 user: {user} 
INFO 2024-08-20 20:56:30,923 slot ['18:00-19:00', 'Court 8', '2024-08-29', '30']
INFO 2024-08-20 20:56:30,923 start: 18:00-19:00
INFO 2024-08-20 20:56:30,923 court: Court 8
INFO 2024-08-20 20:56:30,923 booking_date: 2024-08-29
INFO 2024-08-20 20:56:30,923 price: 30
INFO 2024-08-20 20:56:30,923 start_time: 18:00:00
INFO 2024-08-20 20:56:30,923 end_time: 19:00:00
INFO 2024-08-20 20:56:30,923 booking_date_obj: 2024-08-29
INFO 2024-08-20 20:56:30,926 item: Badminton at Lions
INFO 2024-08-20 20:56:30,931 item_court: Court 8 (Indoor) of Badminton
INFO 2024-08-20 20:56:30,933 item_time object: 18:00:00 - 19:00:00 - Court 8
INFO 2024-08-20 20:56:30,942 order booked: 2024-08-29 - 18:00:00 - 19:00:00 - Ladder A_ - 30 - Closed - Court 8
INFO 2024-08-20 20:56:30,942 slot ['19:00-20:00', 'Court 8', '2024-08-29', '30']
INFO 2024-08-20 20:56:30,942 start: 19:00-20:00
INFO 2024-08-20 20:56:30,942 court: Court 8
INFO 2024-08-20 20:56:30,942 booking_date: 2024-08-29
INFO 2024-08-20 20:56:30,942 price: 30
INFO 2024-08-20 20:56:30,947 start_time: 19:00:00
INFO 2024-08-20 20:56:30,947 end_time: 20:00:00
INFO 2024-08-20 20:56:30,947 booking_date_obj: 2024-08-29
INFO 2024-08-20 20:56:30,948 item: Badminton at Lions
INFO 2024-08-20 20:56:30,949 item_court: Court 8 (Indoor) of Badminton
INFO 2024-08-20 20:56:30,949 item_time object: 19:00:00 - 20:00:00 - Court 8
INFO 2024-08-20 20:56:30,964 order booked: 2024-08-29 - 19:00:00 - 20:00:00 - Ladder A_ - 30 - Closed - Court 8
INFO 2024-08-20 20:56:30,964 "POST /book-slot/ HTTP/1.1" 302 0
INFO 2024-08-20 20:56:30,968 selected date: 2024-08-29
INFO 2024-08-20 20:56:31,496 "GET /admin-schedule/?date=2024-08-29 HTTP/1.1" 200 68775
INFO 2024-08-20 20:57:36,579 C:\Users\shiya\PycharmProjects\CourtManagementSystem\app\views.py changed, reloading.
INFO 2024-08-20 20:57:37,699 Watching for file changes with StatReloader
INFO 2024-08-20 20:57:44,696 user: Ladder A_ - Ladder A -  -  -  
INFO 2024-08-20 20:57:44,696 slot ['19:00-20:00', 'Court 9', '2024-08-29', '30']
INFO 2024-08-20 20:57:44,696 start: 19:00-20:00
INFO 2024-08-20 20:57:44,696 court: Court 9
INFO 2024-08-20 20:57:44,696 booking_date: 2024-08-29
INFO 2024-08-20 20:57:44,696 price: 30
INFO 2024-08-20 20:57:44,696 start_time: 19:00:00
INFO 2024-08-20 20:57:44,696 end_time: 20:00:00
INFO 2024-08-20 20:57:44,704 booking_date_obj: 2024-08-29
INFO 2024-08-20 20:57:44,707 item: Badminton at Lions
INFO 2024-08-20 20:57:44,707 item_court: Court 9 (Indoor) of Badminton
INFO 2024-08-20 20:57:44,707 item_time object: 19:00:00 - 20:00:00 - Court 9
INFO 2024-08-20 20:57:44,723 order booked: 2024-08-29 - 19:00:00 - 20:00:00 - Ladder A_ - 30 - Closed - Court 9
INFO 2024-08-20 20:57:44,723 slot ['18:00-19:00', 'Court 9', '2024-08-29', '30']
INFO 2024-08-20 20:57:44,723 start: 18:00-19:00
INFO 2024-08-20 20:57:44,723 court: Court 9
INFO 2024-08-20 20:57:44,723 booking_date: 2024-08-29
INFO 2024-08-20 20:57:44,723 price: 30
INFO 2024-08-20 20:57:44,723 start_time: 18:00:00
INFO 2024-08-20 20:57:44,723 end_time: 19:00:00
INFO 2024-08-20 20:57:44,723 booking_date_obj: 2024-08-29
INFO 2024-08-20 20:57:44,723 item: Badminton at Lions
INFO 2024-08-20 20:57:44,736 item_court: Court 9 (Indoor) of Badminton
INFO 2024-08-20 20:57:44,739 item_time object: 18:00:00 - 19:00:00 - Court 9
INFO 2024-08-20 20:57:44,741 order booked: 2024-08-29 - 18:00:00 - 19:00:00 - Ladder A_ - 30 - Closed - Court 9
INFO 2024-08-20 20:57:44,757 "POST /book-slot/ HTTP/1.1" 302 0
INFO 2024-08-20 20:57:44,766 selected date: 2024-08-29
INFO 2024-08-20 20:57:45,330 "GET /admin-schedule/?date=2024-08-29 HTTP/1.1" 200 68827
INFO 2024-08-20 21:13:58,461 C:\Users\shiya\PycharmProjects\CourtManagementSystem\app\views.py changed, reloading.
INFO 2024-08-20 21:13:59,777 Watching for file changes with StatReloader
INFO 2024-08-21 22:44:24,214 Watching for file changes with StatReloader
INFO 2024-08-21 22:44:50,103 selected date: 2024-08-21
INFO 2024-08-21 22:44:50,491 "GET / HTTP/1.1" 200 65237
INFO 2024-08-21 22:44:50,580 "GET /static/scripts/schedule.js HTTP/1.1" 200 7990
INFO 2024-08-21 22:44:50,587 "GET /static/css/schedule.css HTTP/1.1" 200 3747
WARNING 2024-08-21 22:44:51,209 Not Found: /favicon.ico
WARNING 2024-08-21 22:44:51,210 "GET /favicon.ico HTTP/1.1" 404 3225
INFO 2024-08-21 22:44:51,387 "POST /create-payment-intent/ HTTP/1.1" 200 80
INFO 2024-08-21 22:44:52,132 "POST /webhooks/stripe/ HTTP/1.1" 200 17
INFO 2024-08-21 22:44:52,155 "GET /admin-schedule HTTP/1.1" 301 0
INFO 2024-08-21 22:44:52,159 selected date: 2024-08-21
INFO 2024-08-21 22:44:52,718 "GET /admin-schedule/ HTTP/1.1" 200 68671
INFO 2024-08-21 22:44:52,759 "GET /static/scripts/admin-schedule.js HTTP/1.1" 304 0
INFO 2024-08-21 22:44:56,850 selected date: 2024-08-22
INFO 2024-08-21 22:44:57,178 "GET /admin-schedule/?date=2024-08-22 HTTP/1.1" 200 68671
ERROR 2024-08-21 22:45:08,519 Internal Server Error: /book-slot/
Traceback (most recent call last):
  File "C:\Users\shiya\AppData\Local\Programs\Python\Python312\Lib\site-packages\django\core\handlers\exception.py", line 55, in inner
    response = get_response(request)
               ^^^^^^^^^^^^^^^^^^^^^
  File "C:\Users\shiya\AppData\Local\Programs\Python\Python312\Lib\site-packages\django\utils\deprecation.py", line 136, in __call__
    response = self.process_response(request, response)
               ^^^^^^^^^^^^^^^^^^^^^^^^^^^^^^^^^^^^^^^^
  File "C:\Users\shiya\AppData\Local\Programs\Python\Python312\Lib\site-packages\django\middleware\clickjacking.py", line 27, in process_response
    if response.get("X-Frame-Options") is not None:
       ^^^^^^^^^^^^
AttributeError: 'bool' object has no attribute 'get'
ERROR 2024-08-21 22:45:08,522 "POST /book-slot/ HTTP/1.1" 500 69364
INFO 2024-08-21 22:45:36,300 C:\Users\shiya\PycharmProjects\CourtManagementSystem\app\views.py changed, reloading.
INFO 2024-08-21 22:45:37,227 Watching for file changes with StatReloader
INFO 2024-08-21 22:45:39,750 selected date: 2024-08-22
INFO 2024-08-21 22:45:40,035 "GET /admin-schedule/?date=2024-08-22 HTTP/1.1" 200 68671
INFO 2024-08-21 22:45:41,695 selected date: 2024-08-22
INFO 2024-08-21 22:45:42,001 "GET /admin-schedule/?date=2024-08-22 HTTP/1.1" 200 68671
ERROR 2024-08-21 22:45:46,364 Internal Server Error: /book-slot/
Traceback (most recent call last):
  File "C:\Users\shiya\AppData\Local\Programs\Python\Python312\Lib\site-packages\django\core\handlers\exception.py", line 55, in inner
    response = get_response(request)
               ^^^^^^^^^^^^^^^^^^^^^
  File "C:\Users\shiya\AppData\Local\Programs\Python\Python312\Lib\site-packages\django\utils\deprecation.py", line 136, in __call__
    response = self.process_response(request, response)
               ^^^^^^^^^^^^^^^^^^^^^^^^^^^^^^^^^^^^^^^^
  File "C:\Users\shiya\AppData\Local\Programs\Python\Python312\Lib\site-packages\django\middleware\clickjacking.py", line 27, in process_response
    if response.get("X-Frame-Options") is not None:
       ^^^^^^^^^^^^
AttributeError: 'bool' object has no attribute 'get'
ERROR 2024-08-21 22:45:46,367 "POST /book-slot/ HTTP/1.1" 500 69361
INFO 2024-08-21 22:45:51,151 selected date: 2024-08-22
INFO 2024-08-21 22:45:51,475 "GET /admin-schedule/?date=2024-08-22 HTTP/1.1" 200 68671
INFO 2024-08-21 22:45:52,295 selected date: 2024-09-08
INFO 2024-08-21 22:45:52,690 "GET /admin-schedule/?date=2024-09-08 HTTP/1.1" 200 98425
INFO 2024-08-21 22:46:00,381 user: JENNIFER_SHI - JENNIFER - SHI - shiyating1998@gmail.com - 6478968062 
INFO 2024-08-21 22:46:00,382 slot ['16:00-17:00', 'Court 6', '2024-09-08', '30']
INFO 2024-08-21 22:46:00,382 start: 16:00-17:00
INFO 2024-08-21 22:46:00,382 court: Court 6
INFO 2024-08-21 22:46:00,382 booking_date: 2024-09-08
INFO 2024-08-21 22:46:00,382 price: 30
INFO 2024-08-21 22:46:00,385 start_time: 16:00:00
INFO 2024-08-21 22:46:00,385 end_time: 17:00:00
INFO 2024-08-21 22:46:00,387 booking_date_obj: 2024-09-08
INFO 2024-08-21 22:46:00,389 item: Badminton at Lions
INFO 2024-08-21 22:46:00,391 item_court: Court 6 (Indoor) of Badminton
INFO 2024-08-21 22:46:00,393 item_time object: 16:00:00 - 17:00:00 - Court 6
INFO 2024-08-21 22:46:00,400 order booked: 2024-09-08 - 16:00:00 - 17:00:00 - JENNIFER_SHI - 30 - Closed - Court 6
INFO 2024-08-21 22:46:00,400 slot ['17:00-18:00', 'Court 6', '2024-09-08', '30']
INFO 2024-08-21 22:46:00,400 start: 17:00-18:00
INFO 2024-08-21 22:46:00,400 court: Court 6
INFO 2024-08-21 22:46:00,400 booking_date: 2024-09-08
INFO 2024-08-21 22:46:00,400 price: 30
INFO 2024-08-21 22:46:00,400 start_time: 17:00:00
INFO 2024-08-21 22:46:00,400 end_time: 18:00:00
INFO 2024-08-21 22:46:00,400 booking_date_obj: 2024-09-08
INFO 2024-08-21 22:46:00,401 item: Badminton at Lions
INFO 2024-08-21 22:46:00,403 item_court: Court 6 (Indoor) of Badminton
INFO 2024-08-21 22:46:00,405 item_time object: 17:00:00 - 18:00:00 - Court 6
INFO 2024-08-21 22:46:00,411 order booked: 2024-09-08 - 17:00:00 - 18:00:00 - JENNIFER_SHI - 30 - Closed - Court 6
INFO 2024-08-21 22:46:00,412 "POST /book-slot/ HTTP/1.1" 302 0
INFO 2024-08-21 22:46:00,414 selected date: 2024-09-08
INFO 2024-08-21 22:46:00,750 "GET /admin-schedule/?date=2024-09-08 HTTP/1.1" 200 98495
ERROR 2024-08-21 22:46:11,854 Internal Server Error: /book-slot/
Traceback (most recent call last):
  File "C:\Users\shiya\AppData\Local\Programs\Python\Python312\Lib\site-packages\django\core\handlers\exception.py", line 55, in inner
    response = get_response(request)
               ^^^^^^^^^^^^^^^^^^^^^
  File "C:\Users\shiya\AppData\Local\Programs\Python\Python312\Lib\site-packages\django\core\handlers\base.py", line 197, in _get_response
    response = wrapped_callback(request, *callback_args, **callback_kwargs)
               ^^^^^^^^^^^^^^^^^^^^^^^^^^^^^^^^^^^^^^^^^^^^^^^^^^^^^^^^^^^^
  File "C:\Users\shiya\PycharmProjects\CourtManagementSystem\app\views.py", line 235, in book_slot
    if not valid:
           ^^^^^
UnboundLocalError: cannot access local variable 'valid' where it is not associated with a value
ERROR 2024-08-21 22:46:11,855 "POST /book-slot/ HTTP/1.1" 500 70904
INFO 2024-08-21 22:46:34,798 C:\Users\shiya\PycharmProjects\CourtManagementSystem\app\views.py changed, reloading.
INFO 2024-08-21 22:46:35,819 Watching for file changes with StatReloader
INFO 2024-08-21 22:46:45,550 selected date: 2024-09-08
INFO 2024-08-21 22:46:45,928 "GET /admin-schedule/?date=2024-09-08 HTTP/1.1" 200 98495
INFO 2024-08-21 22:46:48,796 user: test_ - test -  - test_@dummy.com -  
INFO 2024-08-21 22:46:48,796 slot ['17:00-18:00', 'Court 7', '2024-09-08', '30']
INFO 2024-08-21 22:46:48,796 start: 17:00-18:00
INFO 2024-08-21 22:46:48,796 court: Court 7
INFO 2024-08-21 22:46:48,796 booking_date: 2024-09-08
INFO 2024-08-21 22:46:48,796 price: 30
INFO 2024-08-21 22:46:48,798 start_time: 17:00:00
INFO 2024-08-21 22:46:48,798 end_time: 18:00:00
INFO 2024-08-21 22:46:48,799 booking_date_obj: 2024-09-08
INFO 2024-08-21 22:46:48,801 item: Badminton at Lions
INFO 2024-08-21 22:46:48,803 item_court: Court 7 (Indoor) of Badminton
INFO 2024-08-21 22:46:48,805 item_time object: 17:00:00 - 18:00:00 - Court 7
INFO 2024-08-21 22:46:48,813 order booked: 2024-09-08 - 17:00:00 - 18:00:00 - test_ - 30 - Closed - Court 7
INFO 2024-08-21 22:46:48,813 "POST /book-slot/ HTTP/1.1" 302 0
INFO 2024-08-21 22:46:48,817 selected date: 2024-09-08
INFO 2024-08-21 22:46:49,238 "GET /admin-schedule/?date=2024-09-08 HTTP/1.1" 200 98509
INFO 2024-08-21 22:46:54,742 user: Ladder A_ - Ladder A -  - Ladder A_@dummy.com -  
INFO 2024-08-21 22:46:54,742 slot ['17:00-18:00', 'Court 5', '2024-09-08', '30']
INFO 2024-08-21 22:46:54,742 start: 17:00-18:00
INFO 2024-08-21 22:46:54,742 court: Court 5
INFO 2024-08-21 22:46:54,742 booking_date: 2024-09-08
INFO 2024-08-21 22:46:54,742 price: 30
INFO 2024-08-21 22:46:54,742 start_time: 17:00:00
INFO 2024-08-21 22:46:54,742 end_time: 18:00:00
INFO 2024-08-21 22:46:54,742 booking_date_obj: 2024-09-08
INFO 2024-08-21 22:46:54,745 item: Badminton at Lions
INFO 2024-08-21 22:46:54,747 item_court: Court 5 (Indoor) of Badminton
INFO 2024-08-21 22:46:54,748 item_time object: 17:00:00 - 18:00:00 - Court 5
INFO 2024-08-21 22:46:54,754 order booked: 2024-09-08 - 17:00:00 - 18:00:00 - Ladder A_ - 30 - Closed - Court 5
INFO 2024-08-21 22:46:54,754 slot ['16:00-17:00', 'Court 5', '2024-09-08', '30']
INFO 2024-08-21 22:46:54,754 start: 16:00-17:00
INFO 2024-08-21 22:46:54,754 court: Court 5
INFO 2024-08-21 22:46:54,754 booking_date: 2024-09-08
INFO 2024-08-21 22:46:54,754 price: 30
INFO 2024-08-21 22:46:54,754 start_time: 16:00:00
INFO 2024-08-21 22:46:54,754 end_time: 17:00:00
INFO 2024-08-21 22:46:54,754 booking_date_obj: 2024-09-08
INFO 2024-08-21 22:46:54,755 item: Badminton at Lions
INFO 2024-08-21 22:46:54,757 item_court: Court 5 (Indoor) of Badminton
INFO 2024-08-21 22:46:54,758 item_time object: 16:00:00 - 17:00:00 - Court 5
INFO 2024-08-21 22:46:54,764 order booked: 2024-09-08 - 16:00:00 - 17:00:00 - Ladder A_ - 30 - Closed - Court 5
INFO 2024-08-21 22:46:54,764 "POST /book-slot/ HTTP/1.1" 302 0
INFO 2024-08-21 22:46:54,766 selected date: 2024-09-08
INFO 2024-08-21 22:46:55,299 "GET /admin-schedule/?date=2024-09-08 HTTP/1.1" 200 98561
INFO 2024-08-21 22:47:02,072 user: arbitrary name_ - arbitrary name -  - arbitrary name_@dummy.com -  
INFO 2024-08-21 22:47:02,072 slot ['15:00-16:00', 'Court 3', '2024-09-08', '30']
INFO 2024-08-21 22:47:02,074 start: 15:00-16:00
INFO 2024-08-21 22:47:02,074 court: Court 3
INFO 2024-08-21 22:47:02,074 booking_date: 2024-09-08
INFO 2024-08-21 22:47:02,074 price: 30
INFO 2024-08-21 22:47:02,074 start_time: 15:00:00
INFO 2024-08-21 22:47:02,074 end_time: 16:00:00
INFO 2024-08-21 22:47:02,074 booking_date_obj: 2024-09-08
INFO 2024-08-21 22:47:02,076 item: Badminton at Lions
INFO 2024-08-21 22:47:02,078 item_court: Court 3 (Unknown) of Badminton
INFO 2024-08-21 22:47:02,080 item_time object: 15:00:00 - 16:00:00 - Court 3
INFO 2024-08-21 22:47:02,086 order booked: 2024-09-08 - 15:00:00 - 16:00:00 - arbitrary name_ - 30 - Closed - Court 3
INFO 2024-08-21 22:47:02,086 slot ['17:00-18:00', 'Court 3', '2024-09-08', '30']
INFO 2024-08-21 22:47:02,086 start: 17:00-18:00
INFO 2024-08-21 22:47:02,086 court: Court 3
INFO 2024-08-21 22:47:02,086 booking_date: 2024-09-08
INFO 2024-08-21 22:47:02,086 price: 30
INFO 2024-08-21 22:47:02,086 start_time: 17:00:00
INFO 2024-08-21 22:47:02,086 end_time: 18:00:00
INFO 2024-08-21 22:47:02,086 booking_date_obj: 2024-09-08
INFO 2024-08-21 22:47:02,088 item: Badminton at Lions
INFO 2024-08-21 22:47:02,089 item_court: Court 3 (Unknown) of Badminton
INFO 2024-08-21 22:47:02,090 item_time object: 17:00:00 - 18:00:00 - Court 3
INFO 2024-08-21 22:47:02,096 order booked: 2024-09-08 - 17:00:00 - 18:00:00 - arbitrary name_ - 30 - Closed - Court 3
INFO 2024-08-21 22:47:02,096 slot ['17:00-18:00', 'Court 4', '2024-09-08', '30']
INFO 2024-08-21 22:47:02,096 start: 17:00-18:00
INFO 2024-08-21 22:47:02,096 court: Court 4
INFO 2024-08-21 22:47:02,096 booking_date: 2024-09-08
INFO 2024-08-21 22:47:02,096 price: 30
INFO 2024-08-21 22:47:02,096 start_time: 17:00:00
INFO 2024-08-21 22:47:02,096 end_time: 18:00:00
INFO 2024-08-21 22:47:02,097 booking_date_obj: 2024-09-08
INFO 2024-08-21 22:47:02,098 item: Badminton at Lions
INFO 2024-08-21 22:47:02,099 item_court: Court 4 (Indoor) of Badminton
INFO 2024-08-21 22:47:02,101 item_time object: 17:00:00 - 18:00:00 - Court 4
INFO 2024-08-21 22:47:02,106 order booked: 2024-09-08 - 17:00:00 - 18:00:00 - arbitrary name_ - 30 - Closed - Court 4
INFO 2024-08-21 22:47:02,106 slot ['16:00-17:00', 'Court 4', '2024-09-08', '30']
INFO 2024-08-21 22:47:02,106 start: 16:00-17:00
INFO 2024-08-21 22:47:02,107 court: Court 4
INFO 2024-08-21 22:47:02,107 booking_date: 2024-09-08
INFO 2024-08-21 22:47:02,107 price: 30
INFO 2024-08-21 22:47:02,108 start_time: 16:00:00
INFO 2024-08-21 22:47:02,108 end_time: 17:00:00
INFO 2024-08-21 22:47:02,108 booking_date_obj: 2024-09-08
INFO 2024-08-21 22:47:02,109 item: Badminton at Lions
INFO 2024-08-21 22:47:02,111 item_court: Court 4 (Indoor) of Badminton
INFO 2024-08-21 22:47:02,112 item_time object: 16:00:00 - 17:00:00 - Court 4
INFO 2024-08-21 22:47:02,119 order booked: 2024-09-08 - 16:00:00 - 17:00:00 - arbitrary name_ - 30 - Closed - Court 4
INFO 2024-08-21 22:47:02,120 slot ['15:00-16:00', 'Court 4', '2024-09-08', '30']
INFO 2024-08-21 22:47:02,120 start: 15:00-16:00
INFO 2024-08-21 22:47:02,120 court: Court 4
INFO 2024-08-21 22:47:02,120 booking_date: 2024-09-08
INFO 2024-08-21 22:47:02,120 price: 30
INFO 2024-08-21 22:47:02,120 start_time: 15:00:00
INFO 2024-08-21 22:47:02,120 end_time: 16:00:00
INFO 2024-08-21 22:47:02,120 booking_date_obj: 2024-09-08
INFO 2024-08-21 22:47:02,122 item: Badminton at Lions
INFO 2024-08-21 22:47:02,123 item_court: Court 4 (Indoor) of Badminton
INFO 2024-08-21 22:47:02,125 item_time object: 15:00:00 - 16:00:00 - Court 4
INFO 2024-08-21 22:47:02,129 order booked: 2024-09-08 - 15:00:00 - 16:00:00 - arbitrary name_ - 30 - Closed - Court 4
INFO 2024-08-21 22:47:02,130 "POST /book-slot/ HTTP/1.1" 302 0
INFO 2024-08-21 22:47:02,132 selected date: 2024-09-08
INFO 2024-08-21 22:47:02,638 "GET /admin-schedule/?date=2024-09-08 HTTP/1.1" 200 98781
INFO 2024-08-21 22:47:14,950 user: error_error - error - error - test@gmail.com -  
INFO 2024-08-21 22:47:14,950 slot ['21:00-22:00', 'Court 5', '2024-09-08', '30']
INFO 2024-08-21 22:47:14,950 start: 21:00-22:00
INFO 2024-08-21 22:47:14,951 court: Court 5
INFO 2024-08-21 22:47:14,951 booking_date: 2024-09-08
INFO 2024-08-21 22:47:14,951 price: 30
INFO 2024-08-21 22:47:14,951 start_time: 21:00:00
INFO 2024-08-21 22:47:14,951 end_time: 22:00:00
INFO 2024-08-21 22:47:14,951 booking_date_obj: 2024-09-08
INFO 2024-08-21 22:47:14,953 item: Badminton at Lions
INFO 2024-08-21 22:47:14,956 item_court: Court 5 (Indoor) of Badminton
INFO 2024-08-21 22:47:14,957 item_time object: 21:00:00 - 22:00:00 - Court 5
INFO 2024-08-21 22:47:14,963 order booked: 2024-09-08 - 21:00:00 - 22:00:00 - error_error - 30 - Closed - Court 5
INFO 2024-08-21 22:47:14,964 slot ['20:00-21:00', 'Court 5', '2024-09-08', '30']
INFO 2024-08-21 22:47:14,964 start: 20:00-21:00
INFO 2024-08-21 22:47:14,964 court: Court 5
INFO 2024-08-21 22:47:14,964 booking_date: 2024-09-08
INFO 2024-08-21 22:47:14,964 price: 30
INFO 2024-08-21 22:47:14,964 start_time: 20:00:00
INFO 2024-08-21 22:47:14,964 end_time: 21:00:00
INFO 2024-08-21 22:47:14,964 booking_date_obj: 2024-09-08
INFO 2024-08-21 22:47:14,965 item: Badminton at Lions
INFO 2024-08-21 22:47:14,967 item_court: Court 5 (Indoor) of Badminton
INFO 2024-08-21 22:47:14,969 item_time object: 20:00:00 - 21:00:00 - Court 5
INFO 2024-08-21 22:47:14,978 order booked: 2024-09-08 - 20:00:00 - 21:00:00 - error_error - 30 - Closed - Court 5
INFO 2024-08-21 22:47:14,978 slot ['21:00-22:00', 'Court 4', '2024-09-08', '30']
INFO 2024-08-21 22:47:14,978 start: 21:00-22:00
INFO 2024-08-21 22:47:14,978 court: Court 4
INFO 2024-08-21 22:47:14,978 booking_date: 2024-09-08
INFO 2024-08-21 22:47:14,978 price: 30
INFO 2024-08-21 22:47:14,979 start_time: 21:00:00
INFO 2024-08-21 22:47:14,979 end_time: 22:00:00
INFO 2024-08-21 22:47:14,979 booking_date_obj: 2024-09-08
INFO 2024-08-21 22:47:14,982 item: Badminton at Lions
INFO 2024-08-21 22:47:14,983 item_court: Court 4 (Indoor) of Badminton
INFO 2024-08-21 22:47:14,985 item_time object: 21:00:00 - 22:00:00 - Court 4
INFO 2024-08-21 22:47:14,992 order booked: 2024-09-08 - 21:00:00 - 22:00:00 - error_error - 30 - Closed - Court 4
INFO 2024-08-21 22:47:14,992 slot ['20:00-21:00', 'Court 4', '2024-09-08', '30']
INFO 2024-08-21 22:47:14,992 start: 20:00-21:00
INFO 2024-08-21 22:47:14,992 court: Court 4
INFO 2024-08-21 22:47:14,993 booking_date: 2024-09-08
INFO 2024-08-21 22:47:14,993 price: 30
INFO 2024-08-21 22:47:14,993 start_time: 20:00:00
INFO 2024-08-21 22:47:14,993 end_time: 21:00:00
INFO 2024-08-21 22:47:14,993 booking_date_obj: 2024-09-08
INFO 2024-08-21 22:47:14,995 item: Badminton at Lions
INFO 2024-08-21 22:47:14,998 item_court: Court 4 (Indoor) of Badminton
INFO 2024-08-21 22:47:15,001 item_time object: 20:00:00 - 21:00:00 - Court 4
INFO 2024-08-21 22:47:15,010 order booked: 2024-09-08 - 20:00:00 - 21:00:00 - error_error - 30 - Closed - Court 4
INFO 2024-08-21 22:47:15,011 "POST /book-slot/ HTTP/1.1" 302 0
INFO 2024-08-21 22:47:15,015 selected date: 2024-09-08
INFO 2024-08-21 22:47:15,499 "GET /admin-schedule/?date=2024-09-08 HTTP/1.1" 200 98909
ERROR 2024-08-21 22:47:21,216 Internal Server Error: /book-slot/
Traceback (most recent call last):
  File "C:\Users\shiya\AppData\Local\Programs\Python\Python312\Lib\site-packages\django\core\handlers\exception.py", line 55, in inner
    response = get_response(request)
               ^^^^^^^^^^^^^^^^^^^^^
  File "C:\Users\shiya\AppData\Local\Programs\Python\Python312\Lib\site-packages\django\utils\deprecation.py", line 136, in __call__
    response = self.process_response(request, response)
               ^^^^^^^^^^^^^^^^^^^^^^^^^^^^^^^^^^^^^^^^
  File "C:\Users\shiya\AppData\Local\Programs\Python\Python312\Lib\site-packages\django\middleware\clickjacking.py", line 27, in process_response
    if response.get("X-Frame-Options") is not None:
       ^^^^^^^^^^^^
AttributeError: 'bool' object has no attribute 'get'
ERROR 2024-08-21 22:47:21,218 "POST /book-slot/ HTTP/1.1" 500 69445
INFO 2024-08-21 22:47:27,440 selected date: 2024-09-08
INFO 2024-08-21 22:47:27,937 "GET /admin-schedule/?date=2024-09-08 HTTP/1.1" 200 98909
ERROR 2024-08-21 22:47:34,759 Internal Server Error: /book-slot/
Traceback (most recent call last):
  File "C:\Users\shiya\AppData\Local\Programs\Python\Python312\Lib\site-packages\django\core\handlers\exception.py", line 55, in inner
    response = get_response(request)
               ^^^^^^^^^^^^^^^^^^^^^
  File "C:\Users\shiya\AppData\Local\Programs\Python\Python312\Lib\site-packages\django\utils\deprecation.py", line 136, in __call__
    response = self.process_response(request, response)
               ^^^^^^^^^^^^^^^^^^^^^^^^^^^^^^^^^^^^^^^^
  File "C:\Users\shiya\AppData\Local\Programs\Python\Python312\Lib\site-packages\django\middleware\clickjacking.py", line 27, in process_response
    if response.get("X-Frame-Options") is not None:
       ^^^^^^^^^^^^
AttributeError: 'bool' object has no attribute 'get'
ERROR 2024-08-21 22:47:34,760 "POST /book-slot/ HTTP/1.1" 500 69361
INFO 2024-08-21 22:49:13,866 C:\Users\shiya\PycharmProjects\CourtManagementSystem\app\models.py changed, reloading.
INFO 2024-08-21 22:49:14,838 Watching for file changes with StatReloader
INFO 2024-08-21 22:49:30,927 C:\Users\shiya\PycharmProjects\CourtManagementSystem\app\models.py changed, reloading.
INFO 2024-08-21 22:49:31,983 Watching for file changes with StatReloader
INFO 2024-08-21 22:50:18,051 C:\Users\shiya\PycharmProjects\CourtManagementSystem\app\views.py changed, reloading.
INFO 2024-08-21 22:50:18,931 Watching for file changes with StatReloader
INFO 2024-08-23 23:50:29,916 Watching for file changes with StatReloader
INFO 2024-08-23 23:51:02,642 selected date: 2024-08-23
INFO 2024-08-23 23:51:03,065 "GET / HTTP/1.1" 200 65296
INFO 2024-08-23 23:51:03,177 "GET /static/css/schedule.css HTTP/1.1" 200 3747
INFO 2024-08-23 23:51:03,198 "GET /static/scripts/schedule.js HTTP/1.1" 200 7990
WARNING 2024-08-23 23:51:04,048 Not Found: /favicon.ico
WARNING 2024-08-23 23:51:04,048 "GET /favicon.ico HTTP/1.1" 404 3225
INFO 2024-08-23 23:51:04,104 "POST /create-payment-intent/ HTTP/1.1" 200 80
INFO 2024-08-23 23:51:04,923 "POST /webhooks/stripe/ HTTP/1.1" 200 17
INFO 2024-08-23 23:51:06,443 selected date: 2024-08-24
INFO 2024-08-23 23:51:06,842 "GET /?date=2024-08-24 HTTP/1.1" 200 95375
INFO 2024-08-23 23:51:07,147 "POST /create-payment-intent/ HTTP/1.1" 200 80
INFO 2024-08-23 23:51:07,433 "POST /webhooks/stripe/ HTTP/1.1" 200 17
INFO 2024-08-23 23:51:54,536 "POST /update_payment_intent/ HTTP/1.1" 200 17
INFO 2024-08-23 23:51:55,940 "GET /payment_success?payment_intent=pi_3PrB0JRt3PcgmiF61OiLbcbJ&payment_intent_client_secret=pi_3PrB0JRt3PcgmiF61OiLbcbJ_secret_UY011Q0TY1xS8Zo1AhYhJwdhc&redirect_status=succeeded HTTP/1.1" 301 0
INFO 2024-08-23 23:51:55,959 "GET /payment_success/?payment_intent=pi_3PrB0JRt3PcgmiF61OiLbcbJ&payment_intent_client_secret=pi_3PrB0JRt3PcgmiF61OiLbcbJ_secret_UY011Q0TY1xS8Zo1AhYhJwdhc&redirect_status=succeeded HTTP/1.1" 200 406
INFO 2024-08-23 23:51:55,964 "POST /webhooks/stripe/ HTTP/1.1" 200 17
WARNING 2024-08-23 23:51:56,028 Not Found: /favicon.ico
WARNING 2024-08-23 23:51:56,029 "GET /favicon.ico HTTP/1.1" 404 3225
INFO 2024-08-23 23:51:56,991 "POST /webhooks/stripe/ HTTP/1.1" 200 17
INFO 2024-08-23 23:52:01,910 selected date: 2024-08-24
INFO 2024-08-23 23:52:02,669 "GET /?date=2024-08-24 HTTP/1.1" 200 95375
INFO 2024-08-23 23:52:03,112 "POST /create-payment-intent/ HTTP/1.1" 200 80
INFO 2024-08-23 23:52:03,433 "POST /webhooks/stripe/ HTTP/1.1" 200 17
INFO 2024-08-23 23:52:06,512 selected date: 2024-08-24
INFO 2024-08-23 23:52:06,895 "GET /?date=2024-08-24 HTTP/1.1" 200 95375
INFO 2024-08-23 23:52:07,211 "POST /create-payment-intent/ HTTP/1.1" 200 80
INFO 2024-08-23 23:52:07,448 "POST /webhooks/stripe/ HTTP/1.1" 200 17
INFO 2024-08-23 23:53:07,080 "GET /admin-schedule HTTP/1.1" 301 0
INFO 2024-08-23 23:53:07,090 selected date: 2024-08-23
INFO 2024-08-23 23:53:07,388 "GET /admin-schedule/ HTTP/1.1" 200 68692
INFO 2024-08-23 23:53:07,420 "GET /static/css/admin-schedule.css HTTP/1.1" 304 0
INFO 2024-08-23 23:53:07,420 "GET /static/scripts/admin-schedule.js HTTP/1.1" 304 0
INFO 2024-08-23 23:53:11,109 selected date: 2024-09-01
INFO 2024-08-23 23:53:11,796 "GET /admin-schedule/?date=2024-09-01 HTTP/1.1" 200 98425
ERROR 2024-08-23 23:53:19,839 Internal Server Error: /book-slot/
Traceback (most recent call last):
  File "C:\Users\shiya\AppData\Local\Programs\Python\Python312\Lib\site-packages\django\db\models\query.py", line 948, in get_or_create
    return self.get(**kwargs), False
           ^^^^^^^^^^^^^^^^^^
  File "C:\Users\shiya\AppData\Local\Programs\Python\Python312\Lib\site-packages\django\db\models\query.py", line 649, in get
    raise self.model.DoesNotExist(
app.models.User.DoesNotExist: User matching query does not exist.

During handling of the above exception, another exception occurred:

Traceback (most recent call last):
  File "C:\Users\shiya\AppData\Local\Programs\Python\Python312\Lib\site-packages\django\db\backends\utils.py", line 105, in _execute
    return self.cursor.execute(sql, params)
           ^^^^^^^^^^^^^^^^^^^^^^^^^^^^^^^^
  File "C:\Users\shiya\AppData\Local\Programs\Python\Python312\Lib\site-packages\django\db\backends\mysql\base.py", line 76, in execute
    return self.cursor.execute(query, args)
           ^^^^^^^^^^^^^^^^^^^^^^^^^^^^^^^^
  File "C:\Users\shiya\AppData\Local\Programs\Python\Python312\Lib\site-packages\MySQLdb\cursors.py", line 179, in execute
    res = self._query(mogrified_query)
          ^^^^^^^^^^^^^^^^^^^^^^^^^^^^
  File "C:\Users\shiya\AppData\Local\Programs\Python\Python312\Lib\site-packages\MySQLdb\cursors.py", line 330, in _query
    db.query(q)
  File "C:\Users\shiya\AppData\Local\Programs\Python\Python312\Lib\site-packages\MySQLdb\connections.py", line 261, in query
    _mysql.connection.query(self, query)
MySQLdb.IntegrityError: (1062, "Duplicate entry 'Test_test' for key 'app_user.username'")

The above exception was the direct cause of the following exception:

Traceback (most recent call last):
  File "C:\Users\shiya\AppData\Local\Programs\Python\Python312\Lib\site-packages\django\core\handlers\exception.py", line 55, in inner
    response = get_response(request)
               ^^^^^^^^^^^^^^^^^^^^^
  File "C:\Users\shiya\AppData\Local\Programs\Python\Python312\Lib\site-packages\django\core\handlers\base.py", line 197, in _get_response
    response = wrapped_callback(request, *callback_args, **callback_kwargs)
               ^^^^^^^^^^^^^^^^^^^^^^^^^^^^^^^^^^^^^^^^^^^^^^^^^^^^^^^^^^^^
  File "C:\Users\shiya\PycharmProjects\CourtManagementSystem\app\views.py", line 243, in book_slot
    user, created = User.objects.get_or_create(
                    ^^^^^^^^^^^^^^^^^^^^^^^^^^^
  File "C:\Users\shiya\AppData\Local\Programs\Python\Python312\Lib\site-packages\django\db\models\manager.py", line 87, in manager_method
    return getattr(self.get_queryset(), name)(*args, **kwargs)
           ^^^^^^^^^^^^^^^^^^^^^^^^^^^^^^^^^^^^^^^^^^^^^^^^^^^
  File "C:\Users\shiya\AppData\Local\Programs\Python\Python312\Lib\site-packages\django\db\models\query.py", line 955, in get_or_create
    return self.create(**params), True
           ^^^^^^^^^^^^^^^^^^^^^
  File "C:\Users\shiya\AppData\Local\Programs\Python\Python312\Lib\site-packages\django\db\models\query.py", line 679, in create
    obj.save(force_insert=True, using=self.db)
  File "C:\Users\shiya\PycharmProjects\CourtManagementSystem\app\models.py", line 57, in save
    super(User, self).save(*args, **kwargs)
  File "C:\Users\shiya\AppData\Local\Programs\Python\Python312\Lib\site-packages\django\db\models\base.py", line 822, in save
    self.save_base(
  File "C:\Users\shiya\AppData\Local\Programs\Python\Python312\Lib\site-packages\django\db\models\base.py", line 909, in save_base
    updated = self._save_table(
              ^^^^^^^^^^^^^^^^^
  File "C:\Users\shiya\AppData\Local\Programs\Python\Python312\Lib\site-packages\django\db\models\base.py", line 1071, in _save_table
    results = self._do_insert(
              ^^^^^^^^^^^^^^^^
  File "C:\Users\shiya\AppData\Local\Programs\Python\Python312\Lib\site-packages\django\db\models\base.py", line 1112, in _do_insert
    return manager._insert(
           ^^^^^^^^^^^^^^^^
  File "C:\Users\shiya\AppData\Local\Programs\Python\Python312\Lib\site-packages\django\db\models\manager.py", line 87, in manager_method
    return getattr(self.get_queryset(), name)(*args, **kwargs)
           ^^^^^^^^^^^^^^^^^^^^^^^^^^^^^^^^^^^^^^^^^^^^^^^^^^^
  File "C:\Users\shiya\AppData\Local\Programs\Python\Python312\Lib\site-packages\django\db\models\query.py", line 1847, in _insert
    return query.get_compiler(using=using).execute_sql(returning_fields)
           ^^^^^^^^^^^^^^^^^^^^^^^^^^^^^^^^^^^^^^^^^^^^^^^^^^^^^^^^^^^^^
  File "C:\Users\shiya\AppData\Local\Programs\Python\Python312\Lib\site-packages\django\db\models\sql\compiler.py", line 1823, in execute_sql
    cursor.execute(sql, params)
  File "C:\Users\shiya\AppData\Local\Programs\Python\Python312\Lib\site-packages\django\db\backends\utils.py", line 122, in execute
    return super().execute(sql, params)
           ^^^^^^^^^^^^^^^^^^^^^^^^^^^^
  File "C:\Users\shiya\AppData\Local\Programs\Python\Python312\Lib\site-packages\django\db\backends\utils.py", line 79, in execute
    return self._execute_with_wrappers(
           ^^^^^^^^^^^^^^^^^^^^^^^^^^^^
  File "C:\Users\shiya\AppData\Local\Programs\Python\Python312\Lib\site-packages\django\db\backends\utils.py", line 92, in _execute_with_wrappers
    return executor(sql, params, many, context)
           ^^^^^^^^^^^^^^^^^^^^^^^^^^^^^^^^^^^^
  File "C:\Users\shiya\AppData\Local\Programs\Python\Python312\Lib\site-packages\django\db\backends\utils.py", line 100, in _execute
    with self.db.wrap_database_errors:
  File "C:\Users\shiya\AppData\Local\Programs\Python\Python312\Lib\site-packages\django\db\utils.py", line 91, in __exit__
    raise dj_exc_value.with_traceback(traceback) from exc_value
  File "C:\Users\shiya\AppData\Local\Programs\Python\Python312\Lib\site-packages\django\db\backends\utils.py", line 105, in _execute
    return self.cursor.execute(sql, params)
           ^^^^^^^^^^^^^^^^^^^^^^^^^^^^^^^^
  File "C:\Users\shiya\AppData\Local\Programs\Python\Python312\Lib\site-packages\django\db\backends\mysql\base.py", line 76, in execute
    return self.cursor.execute(query, args)
           ^^^^^^^^^^^^^^^^^^^^^^^^^^^^^^^^
  File "C:\Users\shiya\AppData\Local\Programs\Python\Python312\Lib\site-packages\MySQLdb\cursors.py", line 179, in execute
    res = self._query(mogrified_query)
          ^^^^^^^^^^^^^^^^^^^^^^^^^^^^
  File "C:\Users\shiya\AppData\Local\Programs\Python\Python312\Lib\site-packages\MySQLdb\cursors.py", line 330, in _query
    db.query(q)
  File "C:\Users\shiya\AppData\Local\Programs\Python\Python312\Lib\site-packages\MySQLdb\connections.py", line 261, in query
    _mysql.connection.query(self, query)
django.db.utils.IntegrityError: (1062, "Duplicate entry 'Test_test' for key 'app_user.username'")
ERROR 2024-08-23 23:53:19,853 "POST /book-slot/ HTTP/1.1" 500 216755
INFO 2024-08-23 23:53:29,099 selected date: 2024-09-01
INFO 2024-08-23 23:53:29,789 "GET /admin-schedule/?date=2024-09-01 HTTP/1.1" 200 98425
INFO 2024-08-23 23:53:36,590 user: Test_testasd - test - testasd - Test_testasd@dummy.com -  
INFO 2024-08-23 23:53:36,590 slot ['18:00-19:00', 'Court 3', '2024-09-01', '30']
INFO 2024-08-23 23:53:36,590 start: 18:00-19:00
INFO 2024-08-23 23:53:36,590 court: Court 3
INFO 2024-08-23 23:53:36,590 booking_date: 2024-09-01
INFO 2024-08-23 23:53:36,590 price: 30
INFO 2024-08-23 23:53:36,590 start_time: 18:00:00
INFO 2024-08-23 23:53:36,590 end_time: 19:00:00
INFO 2024-08-23 23:53:36,599 booking_date_obj: 2024-09-01
INFO 2024-08-23 23:53:36,599 item: Badminton at Lions
INFO 2024-08-23 23:53:36,607 item_court: Court 3 (Unknown) of Badminton
INFO 2024-08-23 23:53:36,609 item_time object: 18:00:00 - 19:00:00 - Court 3
INFO 2024-08-23 23:53:36,619 order booked: 2024-09-01 - 18:00:00 - 19:00:00 - Test_testasd - 30 - Closed - Court 3
INFO 2024-08-23 23:53:36,619 slot ['17:00-18:00', 'Court 3', '2024-09-01', '30']
INFO 2024-08-23 23:53:36,622 start: 17:00-18:00
INFO 2024-08-23 23:53:36,622 court: Court 3
INFO 2024-08-23 23:53:36,622 booking_date: 2024-09-01
INFO 2024-08-23 23:53:36,622 price: 30
INFO 2024-08-23 23:53:36,622 start_time: 17:00:00
INFO 2024-08-23 23:53:36,622 end_time: 18:00:00
INFO 2024-08-23 23:53:36,622 booking_date_obj: 2024-09-01
INFO 2024-08-23 23:53:36,624 item: Badminton at Lions
INFO 2024-08-23 23:53:36,624 item_court: Court 3 (Unknown) of Badminton
INFO 2024-08-23 23:53:36,629 item_time object: 17:00:00 - 18:00:00 - Court 3
INFO 2024-08-23 23:53:36,640 order booked: 2024-09-01 - 17:00:00 - 18:00:00 - Test_testasd - 30 - Closed - Court 3
INFO 2024-08-23 23:53:36,640 "POST /book-slot/ HTTP/1.1" 302 0
INFO 2024-08-23 23:53:36,640 selected date: 2024-09-01
INFO 2024-08-23 23:53:37,340 "GET /admin-schedule/?date=2024-09-01 HTTP/1.1" 200 98495
INFO 2024-08-23 23:53:43,269 user: abc_abc - abc - abc - abc_abc@dummy.com -  
INFO 2024-08-23 23:53:43,269 slot ['17:00-18:00', 'Court 4', '2024-09-01', '30']
INFO 2024-08-23 23:53:43,269 start: 17:00-18:00
INFO 2024-08-23 23:53:43,269 court: Court 4
INFO 2024-08-23 23:53:43,271 booking_date: 2024-09-01
INFO 2024-08-23 23:53:43,271 price: 30
INFO 2024-08-23 23:53:43,271 start_time: 17:00:00
INFO 2024-08-23 23:53:43,271 end_time: 18:00:00
INFO 2024-08-23 23:53:43,271 booking_date_obj: 2024-09-01
INFO 2024-08-23 23:53:43,271 item: Badminton at Lions
INFO 2024-08-23 23:53:43,279 item_court: Court 4 (Indoor) of Badminton
INFO 2024-08-23 23:53:43,284 item_time object: 17:00:00 - 18:00:00 - Court 4
INFO 2024-08-23 23:53:43,296 order booked: 2024-09-01 - 17:00:00 - 18:00:00 - abc_abc - 30 - Closed - Court 4
INFO 2024-08-23 23:53:43,299 "POST /book-slot/ HTTP/1.1" 302 0
INFO 2024-08-23 23:53:43,299 selected date: 2024-09-01
INFO 2024-08-23 23:53:44,071 "GET /admin-schedule/?date=2024-09-01 HTTP/1.1" 200 98515
INFO 2024-08-23 23:53:53,731 user: abc_abc - abc - abc - abc_abc@dummy.com -  
INFO 2024-08-23 23:53:53,731 slot ['17:00-18:00', 'Court 5', '2024-09-01', '30']
INFO 2024-08-23 23:53:53,731 start: 17:00-18:00
INFO 2024-08-23 23:53:53,731 court: Court 5
INFO 2024-08-23 23:53:53,731 booking_date: 2024-09-01
INFO 2024-08-23 23:53:53,731 price: 30
INFO 2024-08-23 23:53:53,731 start_time: 17:00:00
INFO 2024-08-23 23:53:53,731 end_time: 18:00:00
INFO 2024-08-23 23:53:53,731 booking_date_obj: 2024-09-01
INFO 2024-08-23 23:53:53,739 item: Badminton at Lions
INFO 2024-08-23 23:53:53,739 item_court: Court 5 (Indoor) of Badminton
INFO 2024-08-23 23:53:53,749 item_time object: 17:00:00 - 18:00:00 - Court 5
INFO 2024-08-23 23:53:53,759 order booked: 2024-09-01 - 17:00:00 - 18:00:00 - abc_abc - 30 - Closed - Court 5
INFO 2024-08-23 23:53:53,759 slot ['16:00-17:00', 'Court 5', '2024-09-01', '30']
INFO 2024-08-23 23:53:53,759 start: 16:00-17:00
INFO 2024-08-23 23:53:53,759 court: Court 5
INFO 2024-08-23 23:53:53,759 booking_date: 2024-09-01
INFO 2024-08-23 23:53:53,759 price: 30
INFO 2024-08-23 23:53:53,759 start_time: 16:00:00
INFO 2024-08-23 23:53:53,759 end_time: 17:00:00
INFO 2024-08-23 23:53:53,759 booking_date_obj: 2024-09-01
INFO 2024-08-23 23:53:53,764 item: Badminton at Lions
INFO 2024-08-23 23:53:53,769 item_court: Court 5 (Indoor) of Badminton
INFO 2024-08-23 23:53:53,773 item_time object: 16:00:00 - 17:00:00 - Court 5
INFO 2024-08-23 23:53:53,782 order booked: 2024-09-01 - 16:00:00 - 17:00:00 - abc_abc - 30 - Closed - Court 5
INFO 2024-08-23 23:53:53,782 slot ['15:00-16:00', 'Court 5', '2024-09-01', '30']
INFO 2024-08-23 23:53:53,782 start: 15:00-16:00
INFO 2024-08-23 23:53:53,782 court: Court 5
INFO 2024-08-23 23:53:53,782 booking_date: 2024-09-01
INFO 2024-08-23 23:53:53,782 price: 30
INFO 2024-08-23 23:53:53,782 start_time: 15:00:00
INFO 2024-08-23 23:53:53,782 end_time: 16:00:00
INFO 2024-08-23 23:53:53,782 booking_date_obj: 2024-09-01
INFO 2024-08-23 23:53:53,789 item: Badminton at Lions
INFO 2024-08-23 23:53:53,790 item_court: Court 5 (Indoor) of Badminton
INFO 2024-08-23 23:53:53,790 item_time object: 15:00:00 - 16:00:00 - Court 5
INFO 2024-08-23 23:53:53,806 order booked: 2024-09-01 - 15:00:00 - 16:00:00 - abc_abc - 30 - Closed - Court 5
INFO 2024-08-23 23:53:53,809 "POST /book-slot/ HTTP/1.1" 302 0
INFO 2024-08-23 23:53:53,809 selected date: 2024-09-01
INFO 2024-08-23 23:53:54,522 "GET /admin-schedule/?date=2024-09-01 HTTP/1.1" 200 98575
ERROR 2024-08-23 23:54:11,539 Internal Server Error: /book-slot/
Traceback (most recent call last):
  File "C:\Users\shiya\AppData\Local\Programs\Python\Python312\Lib\site-packages\django\db\models\query.py", line 948, in get_or_create
    return self.get(**kwargs), False
           ^^^^^^^^^^^^^^^^^^
  File "C:\Users\shiya\AppData\Local\Programs\Python\Python312\Lib\site-packages\django\db\models\query.py", line 649, in get
    raise self.model.DoesNotExist(
app.models.User.DoesNotExist: User matching query does not exist.

During handling of the above exception, another exception occurred:

Traceback (most recent call last):
  File "C:\Users\shiya\AppData\Local\Programs\Python\Python312\Lib\site-packages\django\db\backends\utils.py", line 105, in _execute
    return self.cursor.execute(sql, params)
           ^^^^^^^^^^^^^^^^^^^^^^^^^^^^^^^^
  File "C:\Users\shiya\AppData\Local\Programs\Python\Python312\Lib\site-packages\django\db\backends\mysql\base.py", line 76, in execute
    return self.cursor.execute(query, args)
           ^^^^^^^^^^^^^^^^^^^^^^^^^^^^^^^^
  File "C:\Users\shiya\AppData\Local\Programs\Python\Python312\Lib\site-packages\MySQLdb\cursors.py", line 179, in execute
    res = self._query(mogrified_query)
          ^^^^^^^^^^^^^^^^^^^^^^^^^^^^
  File "C:\Users\shiya\AppData\Local\Programs\Python\Python312\Lib\site-packages\MySQLdb\cursors.py", line 330, in _query
    db.query(q)
  File "C:\Users\shiya\AppData\Local\Programs\Python\Python312\Lib\site-packages\MySQLdb\connections.py", line 261, in query
    _mysql.connection.query(self, query)
MySQLdb.IntegrityError: (1062, "Duplicate entry 'ABC_ABC' for key 'app_user.username'")

The above exception was the direct cause of the following exception:

Traceback (most recent call last):
  File "C:\Users\shiya\AppData\Local\Programs\Python\Python312\Lib\site-packages\django\core\handlers\exception.py", line 55, in inner
    response = get_response(request)
               ^^^^^^^^^^^^^^^^^^^^^
  File "C:\Users\shiya\AppData\Local\Programs\Python\Python312\Lib\site-packages\django\core\handlers\base.py", line 197, in _get_response
    response = wrapped_callback(request, *callback_args, **callback_kwargs)
               ^^^^^^^^^^^^^^^^^^^^^^^^^^^^^^^^^^^^^^^^^^^^^^^^^^^^^^^^^^^^
  File "C:\Users\shiya\PycharmProjects\CourtManagementSystem\app\views.py", line 243, in book_slot
    user, created = User.objects.get_or_create(
                    ^^^^^^^^^^^^^^^^^^^^^^^^^^^
  File "C:\Users\shiya\AppData\Local\Programs\Python\Python312\Lib\site-packages\django\db\models\manager.py", line 87, in manager_method
    return getattr(self.get_queryset(), name)(*args, **kwargs)
           ^^^^^^^^^^^^^^^^^^^^^^^^^^^^^^^^^^^^^^^^^^^^^^^^^^^
  File "C:\Users\shiya\AppData\Local\Programs\Python\Python312\Lib\site-packages\django\db\models\query.py", line 955, in get_or_create
    return self.create(**params), True
           ^^^^^^^^^^^^^^^^^^^^^
  File "C:\Users\shiya\AppData\Local\Programs\Python\Python312\Lib\site-packages\django\db\models\query.py", line 679, in create
    obj.save(force_insert=True, using=self.db)
  File "C:\Users\shiya\PycharmProjects\CourtManagementSystem\app\models.py", line 57, in save
    super(User, self).save(*args, **kwargs)
  File "C:\Users\shiya\AppData\Local\Programs\Python\Python312\Lib\site-packages\django\db\models\base.py", line 822, in save
    self.save_base(
  File "C:\Users\shiya\AppData\Local\Programs\Python\Python312\Lib\site-packages\django\db\models\base.py", line 909, in save_base
    updated = self._save_table(
              ^^^^^^^^^^^^^^^^^
  File "C:\Users\shiya\AppData\Local\Programs\Python\Python312\Lib\site-packages\django\db\models\base.py", line 1071, in _save_table
    results = self._do_insert(
              ^^^^^^^^^^^^^^^^
  File "C:\Users\shiya\AppData\Local\Programs\Python\Python312\Lib\site-packages\django\db\models\base.py", line 1112, in _do_insert
    return manager._insert(
           ^^^^^^^^^^^^^^^^
  File "C:\Users\shiya\AppData\Local\Programs\Python\Python312\Lib\site-packages\django\db\models\manager.py", line 87, in manager_method
    return getattr(self.get_queryset(), name)(*args, **kwargs)
           ^^^^^^^^^^^^^^^^^^^^^^^^^^^^^^^^^^^^^^^^^^^^^^^^^^^
  File "C:\Users\shiya\AppData\Local\Programs\Python\Python312\Lib\site-packages\django\db\models\query.py", line 1847, in _insert
    return query.get_compiler(using=using).execute_sql(returning_fields)
           ^^^^^^^^^^^^^^^^^^^^^^^^^^^^^^^^^^^^^^^^^^^^^^^^^^^^^^^^^^^^^
  File "C:\Users\shiya\AppData\Local\Programs\Python\Python312\Lib\site-packages\django\db\models\sql\compiler.py", line 1823, in execute_sql
    cursor.execute(sql, params)
  File "C:\Users\shiya\AppData\Local\Programs\Python\Python312\Lib\site-packages\django\db\backends\utils.py", line 122, in execute
    return super().execute(sql, params)
           ^^^^^^^^^^^^^^^^^^^^^^^^^^^^
  File "C:\Users\shiya\AppData\Local\Programs\Python\Python312\Lib\site-packages\django\db\backends\utils.py", line 79, in execute
    return self._execute_with_wrappers(
           ^^^^^^^^^^^^^^^^^^^^^^^^^^^^
  File "C:\Users\shiya\AppData\Local\Programs\Python\Python312\Lib\site-packages\django\db\backends\utils.py", line 92, in _execute_with_wrappers
    return executor(sql, params, many, context)
           ^^^^^^^^^^^^^^^^^^^^^^^^^^^^^^^^^^^^
  File "C:\Users\shiya\AppData\Local\Programs\Python\Python312\Lib\site-packages\django\db\backends\utils.py", line 100, in _execute
    with self.db.wrap_database_errors:
  File "C:\Users\shiya\AppData\Local\Programs\Python\Python312\Lib\site-packages\django\db\utils.py", line 91, in __exit__
    raise dj_exc_value.with_traceback(traceback) from exc_value
  File "C:\Users\shiya\AppData\Local\Programs\Python\Python312\Lib\site-packages\django\db\backends\utils.py", line 105, in _execute
    return self.cursor.execute(sql, params)
           ^^^^^^^^^^^^^^^^^^^^^^^^^^^^^^^^
  File "C:\Users\shiya\AppData\Local\Programs\Python\Python312\Lib\site-packages\django\db\backends\mysql\base.py", line 76, in execute
    return self.cursor.execute(query, args)
           ^^^^^^^^^^^^^^^^^^^^^^^^^^^^^^^^
  File "C:\Users\shiya\AppData\Local\Programs\Python\Python312\Lib\site-packages\MySQLdb\cursors.py", line 179, in execute
    res = self._query(mogrified_query)
          ^^^^^^^^^^^^^^^^^^^^^^^^^^^^
  File "C:\Users\shiya\AppData\Local\Programs\Python\Python312\Lib\site-packages\MySQLdb\cursors.py", line 330, in _query
    db.query(q)
  File "C:\Users\shiya\AppData\Local\Programs\Python\Python312\Lib\site-packages\MySQLdb\connections.py", line 261, in query
    _mysql.connection.query(self, query)
django.db.utils.IntegrityError: (1062, "Duplicate entry 'ABC_ABC' for key 'app_user.username'")
ERROR 2024-08-23 23:54:11,549 "POST /book-slot/ HTTP/1.1" 500 216179
INFO 2024-08-23 23:54:43,446 C:\Users\shiya\PycharmProjects\CourtManagementSystem\app\models.py changed, reloading.
INFO 2024-08-23 23:54:44,826 Watching for file changes with StatReloader
INFO 2024-08-23 23:55:14,350 selected date: 2024-09-01
INFO 2024-08-23 23:55:14,756 "GET /admin-schedule/?date=2024-09-01 HTTP/1.1" 200 98575
INFO 2024-08-23 23:55:19,132 user: ABC_ABC - abc - abc - asd@asd.com -  
INFO 2024-08-23 23:55:19,132 slot ['17:00-18:00', 'Court 6', '2024-09-01', '30']
INFO 2024-08-23 23:55:19,132 start: 17:00-18:00
INFO 2024-08-23 23:55:19,132 court: Court 6
INFO 2024-08-23 23:55:19,132 booking_date: 2024-09-01
INFO 2024-08-23 23:55:19,132 price: 30
INFO 2024-08-23 23:55:19,140 start_time: 17:00:00
INFO 2024-08-23 23:55:19,140 end_time: 18:00:00
INFO 2024-08-23 23:55:19,140 booking_date_obj: 2024-09-01
INFO 2024-08-23 23:55:19,140 item: Badminton at Lions
INFO 2024-08-23 23:55:19,149 item_court: Court 6 (Indoor) of Badminton
INFO 2024-08-23 23:55:19,149 item_time object: 17:00:00 - 18:00:00 - Court 6
INFO 2024-08-23 23:55:19,165 order booked: 2024-09-01 - 17:00:00 - 18:00:00 - ABC_ABC - 30 - Closed - Court 6
INFO 2024-08-23 23:55:19,165 slot ['16:00-17:00', 'Court 6', '2024-09-01', '30']
INFO 2024-08-23 23:55:19,165 start: 16:00-17:00
INFO 2024-08-23 23:55:19,165 court: Court 6
INFO 2024-08-23 23:55:19,165 booking_date: 2024-09-01
INFO 2024-08-23 23:55:19,165 price: 30
INFO 2024-08-23 23:55:19,165 start_time: 16:00:00
INFO 2024-08-23 23:55:19,165 end_time: 17:00:00
INFO 2024-08-23 23:55:19,165 booking_date_obj: 2024-09-01
INFO 2024-08-23 23:55:19,169 item: Badminton at Lions
INFO 2024-08-23 23:55:19,169 item_court: Court 6 (Indoor) of Badminton
INFO 2024-08-23 23:55:19,173 item_time object: 16:00:00 - 17:00:00 - Court 6
INFO 2024-08-23 23:55:19,181 order booked: 2024-09-01 - 16:00:00 - 17:00:00 - ABC_ABC - 30 - Closed - Court 6
INFO 2024-08-23 23:55:19,181 slot ['15:00-16:00', 'Court 6', '2024-09-01', '30']
INFO 2024-08-23 23:55:19,181 start: 15:00-16:00
INFO 2024-08-23 23:55:19,181 court: Court 6
INFO 2024-08-23 23:55:19,181 booking_date: 2024-09-01
INFO 2024-08-23 23:55:19,181 price: 30
INFO 2024-08-23 23:55:19,181 start_time: 15:00:00
INFO 2024-08-23 23:55:19,181 end_time: 16:00:00
INFO 2024-08-23 23:55:19,181 booking_date_obj: 2024-09-01
INFO 2024-08-23 23:55:19,181 item: Badminton at Lions
INFO 2024-08-23 23:55:19,189 item_court: Court 6 (Indoor) of Badminton
INFO 2024-08-23 23:55:19,189 item_time object: 15:00:00 - 16:00:00 - Court 6
INFO 2024-08-23 23:55:19,198 order booked: 2024-09-01 - 15:00:00 - 16:00:00 - ABC_ABC - 30 - Closed - Court 6
INFO 2024-08-23 23:55:19,198 "POST /book-slot/ HTTP/1.1" 302 0
INFO 2024-08-23 23:55:19,205 selected date: 2024-09-01
INFO 2024-08-23 23:55:19,949 "GET /admin-schedule/?date=2024-09-01 HTTP/1.1" 200 98635
INFO 2024-08-23 23:55:30,433 user: lions_ - lions -  - lions_@dummy.com -  
INFO 2024-08-23 23:55:30,433 slot ['15:00-16:00', 'Court 7', '2024-09-01', '30']
INFO 2024-08-23 23:55:30,433 start: 15:00-16:00
INFO 2024-08-23 23:55:30,433 court: Court 7
INFO 2024-08-23 23:55:30,433 booking_date: 2024-09-01
INFO 2024-08-23 23:55:30,433 price: 30
INFO 2024-08-23 23:55:30,433 start_time: 15:00:00
INFO 2024-08-23 23:55:30,433 end_time: 16:00:00
INFO 2024-08-23 23:55:30,436 booking_date_obj: 2024-09-01
INFO 2024-08-23 23:55:30,439 item: Badminton at Lions
INFO 2024-08-23 23:55:30,441 item_court: Court 7 (Indoor) of Badminton
INFO 2024-08-23 23:55:30,441 item_time object: 15:00:00 - 16:00:00 - Court 7
INFO 2024-08-23 23:55:30,462 order booked: 2024-09-01 - 15:00:00 - 16:00:00 - lions_ - 30 - Closed - Court 7
INFO 2024-08-23 23:55:30,462 slot ['16:00-17:00', 'Court 7', '2024-09-01', '30']
INFO 2024-08-23 23:55:30,462 start: 16:00-17:00
INFO 2024-08-23 23:55:30,462 court: Court 7
INFO 2024-08-23 23:55:30,462 booking_date: 2024-09-01
INFO 2024-08-23 23:55:30,462 price: 30
INFO 2024-08-23 23:55:30,462 start_time: 16:00:00
INFO 2024-08-23 23:55:30,462 end_time: 17:00:00
INFO 2024-08-23 23:55:30,462 booking_date_obj: 2024-09-01
INFO 2024-08-23 23:55:30,462 item: Badminton at Lions
INFO 2024-08-23 23:55:30,462 item_court: Court 7 (Indoor) of Badminton
INFO 2024-08-23 23:55:30,468 item_time object: 16:00:00 - 17:00:00 - Court 7
INFO 2024-08-23 23:55:30,491 order booked: 2024-09-01 - 16:00:00 - 17:00:00 - lions_ - 30 - Closed - Court 7
INFO 2024-08-23 23:55:30,492 slot ['16:00-17:00', 'Court 8', '2024-09-01', '30']
INFO 2024-08-23 23:55:30,492 start: 16:00-17:00
INFO 2024-08-23 23:55:30,492 court: Court 8
INFO 2024-08-23 23:55:30,492 booking_date: 2024-09-01
INFO 2024-08-23 23:55:30,492 price: 30
INFO 2024-08-23 23:55:30,492 start_time: 16:00:00
INFO 2024-08-23 23:55:30,492 end_time: 17:00:00
INFO 2024-08-23 23:55:30,492 booking_date_obj: 2024-09-01
INFO 2024-08-23 23:55:30,493 item: Badminton at Lions
INFO 2024-08-23 23:55:30,497 item_court: Court 8 (Indoor) of Badminton
INFO 2024-08-23 23:55:30,498 item_time object: 16:00:00 - 17:00:00 - Court 8
INFO 2024-08-23 23:55:30,505 order booked: 2024-09-01 - 16:00:00 - 17:00:00 - lions_ - 30 - Closed - Court 8
INFO 2024-08-23 23:55:30,505 slot ['15:00-16:00', 'Court 8', '2024-09-01', '30']
INFO 2024-08-23 23:55:30,505 start: 15:00-16:00
INFO 2024-08-23 23:55:30,505 court: Court 8
INFO 2024-08-23 23:55:30,505 booking_date: 2024-09-01
INFO 2024-08-23 23:55:30,505 price: 30
INFO 2024-08-23 23:55:30,509 start_time: 15:00:00
INFO 2024-08-23 23:55:30,509 end_time: 16:00:00
INFO 2024-08-23 23:55:30,509 booking_date_obj: 2024-09-01
INFO 2024-08-23 23:55:30,509 item: Badminton at Lions
INFO 2024-08-23 23:55:30,514 item_court: Court 8 (Indoor) of Badminton
INFO 2024-08-23 23:55:30,514 item_time object: 15:00:00 - 16:00:00 - Court 8
INFO 2024-08-23 23:55:30,522 order booked: 2024-09-01 - 15:00:00 - 16:00:00 - lions_ - 30 - Closed - Court 8
INFO 2024-08-23 23:55:30,528 "POST /book-slot/ HTTP/1.1" 302 0
INFO 2024-08-23 23:55:30,530 selected date: 2024-09-01
INFO 2024-08-23 23:55:31,225 "GET /admin-schedule/?date=2024-09-01 HTTP/1.1" 200 98703
INFO 2024-08-23 23:55:41,885 user: lions_ - lions -  - lions@sdf.cmo -  
INFO 2024-08-23 23:55:41,888 slot ['14:00-15:00', 'Court 7', '2024-09-01', '30']
INFO 2024-08-23 23:55:41,890 start: 14:00-15:00
INFO 2024-08-23 23:55:41,890 court: Court 7
INFO 2024-08-23 23:55:41,890 booking_date: 2024-09-01
INFO 2024-08-23 23:55:41,890 price: 30
INFO 2024-08-23 23:55:41,890 start_time: 14:00:00
INFO 2024-08-23 23:55:41,890 end_time: 15:00:00
INFO 2024-08-23 23:55:41,890 booking_date_obj: 2024-09-01
INFO 2024-08-23 23:55:41,890 item: Badminton at Lions
INFO 2024-08-23 23:55:41,890 item_court: Court 7 (Indoor) of Badminton
INFO 2024-08-23 23:55:41,899 item_time object: 14:00:00 - 15:00:00 - Court 7
INFO 2024-08-23 23:55:41,909 order booked: 2024-09-01 - 14:00:00 - 15:00:00 - lions_ - 30 - Closed - Court 7
INFO 2024-08-23 23:55:41,909 slot ['13:00-14:00', 'Court 7', '2024-09-01', '30']
INFO 2024-08-23 23:55:41,909 start: 13:00-14:00
INFO 2024-08-23 23:55:41,909 court: Court 7
INFO 2024-08-23 23:55:41,909 booking_date: 2024-09-01
INFO 2024-08-23 23:55:41,909 price: 30
INFO 2024-08-23 23:55:41,909 start_time: 13:00:00
INFO 2024-08-23 23:55:41,909 end_time: 14:00:00
INFO 2024-08-23 23:55:41,909 booking_date_obj: 2024-09-01
INFO 2024-08-23 23:55:41,916 item: Badminton at Lions
INFO 2024-08-23 23:55:41,918 item_court: Court 7 (Indoor) of Badminton
INFO 2024-08-23 23:55:41,924 item_time object: 13:00:00 - 14:00:00 - Court 7
INFO 2024-08-23 23:55:41,932 order booked: 2024-09-01 - 13:00:00 - 14:00:00 - lions_ - 30 - Closed - Court 7
INFO 2024-08-23 23:55:41,932 slot ['12:00-13:00', 'Court 7', '2024-09-01', '30']
INFO 2024-08-23 23:55:41,932 start: 12:00-13:00
INFO 2024-08-23 23:55:41,932 court: Court 7
INFO 2024-08-23 23:55:41,932 booking_date: 2024-09-01
INFO 2024-08-23 23:55:41,932 price: 30
INFO 2024-08-23 23:55:41,932 start_time: 12:00:00
INFO 2024-08-23 23:55:41,932 end_time: 13:00:00
INFO 2024-08-23 23:55:41,932 booking_date_obj: 2024-09-01
INFO 2024-08-23 23:55:41,939 item: Badminton at Lions
INFO 2024-08-23 23:55:41,940 item_court: Court 7 (Indoor) of Badminton
INFO 2024-08-23 23:55:41,940 item_time object: 12:00:00 - 13:00:00 - Court 7
INFO 2024-08-23 23:55:41,957 order booked: 2024-09-01 - 12:00:00 - 13:00:00 - lions_ - 30 - Closed - Court 7
INFO 2024-08-23 23:55:41,957 "POST /book-slot/ HTTP/1.1" 302 0
INFO 2024-08-23 23:55:41,959 selected date: 2024-09-01
INFO 2024-08-23 23:55:42,669 "GET /admin-schedule/?date=2024-09-01 HTTP/1.1" 200 98754
INFO 2024-08-23 23:55:48,768 user: lions_ - lions -  - lions_@dummy.com -  
INFO 2024-08-23 23:55:48,768 slot ['13:00-14:00', 'Court 5', '2024-09-01', '30']
INFO 2024-08-23 23:55:48,768 start: 13:00-14:00
INFO 2024-08-23 23:55:48,768 court: Court 5
INFO 2024-08-23 23:55:48,768 booking_date: 2024-09-01
INFO 2024-08-23 23:55:48,768 price: 30
INFO 2024-08-23 23:55:48,768 start_time: 13:00:00
INFO 2024-08-23 23:55:48,768 end_time: 14:00:00
INFO 2024-08-23 23:55:48,768 booking_date_obj: 2024-09-01
INFO 2024-08-23 23:55:48,774 item: Badminton at Lions
INFO 2024-08-23 23:55:48,775 item_court: Court 5 (Indoor) of Badminton
INFO 2024-08-23 23:55:48,778 item_time object: 13:00:00 - 14:00:00 - Court 5
INFO 2024-08-23 23:55:48,790 order booked: 2024-09-01 - 13:00:00 - 14:00:00 - lions_ - 30 - Closed - Court 5
INFO 2024-08-23 23:55:48,790 slot ['14:00-15:00', 'Court 6', '2024-09-01', '30']
INFO 2024-08-23 23:55:48,790 start: 14:00-15:00
INFO 2024-08-23 23:55:48,790 court: Court 6
INFO 2024-08-23 23:55:48,790 booking_date: 2024-09-01
INFO 2024-08-23 23:55:48,790 price: 30
INFO 2024-08-23 23:55:48,790 start_time: 14:00:00
INFO 2024-08-23 23:55:48,790 end_time: 15:00:00
INFO 2024-08-23 23:55:48,790 booking_date_obj: 2024-09-01
INFO 2024-08-23 23:55:48,794 item: Badminton at Lions
INFO 2024-08-23 23:55:48,799 item_court: Court 6 (Indoor) of Badminton
INFO 2024-08-23 23:55:48,799 item_time object: 14:00:00 - 15:00:00 - Court 6
INFO 2024-08-23 23:55:48,808 order booked: 2024-09-01 - 14:00:00 - 15:00:00 - lions_ - 30 - Closed - Court 6
INFO 2024-08-23 23:55:48,808 slot ['14:00-15:00', 'Court 5', '2024-09-01', '30']
INFO 2024-08-23 23:55:48,808 start: 14:00-15:00
INFO 2024-08-23 23:55:48,808 court: Court 5
INFO 2024-08-23 23:55:48,808 booking_date: 2024-09-01
INFO 2024-08-23 23:55:48,808 price: 30
INFO 2024-08-23 23:55:48,808 start_time: 14:00:00
INFO 2024-08-23 23:55:48,808 end_time: 15:00:00
INFO 2024-08-23 23:55:48,808 booking_date_obj: 2024-09-01
INFO 2024-08-23 23:55:48,815 item: Badminton at Lions
INFO 2024-08-23 23:55:48,819 item_court: Court 5 (Indoor) of Badminton
INFO 2024-08-23 23:55:48,819 item_time object: 14:00:00 - 15:00:00 - Court 5
INFO 2024-08-23 23:55:48,831 order booked: 2024-09-01 - 14:00:00 - 15:00:00 - lions_ - 30 - Closed - Court 5
INFO 2024-08-23 23:55:48,831 slot ['13:00-14:00', 'Court 6', '2024-09-01', '30']
INFO 2024-08-23 23:55:48,831 start: 13:00-14:00
INFO 2024-08-23 23:55:48,831 court: Court 6
INFO 2024-08-23 23:55:48,831 booking_date: 2024-09-01
INFO 2024-08-23 23:55:48,831 price: 30
INFO 2024-08-23 23:55:48,831 start_time: 13:00:00
INFO 2024-08-23 23:55:48,831 end_time: 14:00:00
INFO 2024-08-23 23:55:48,831 booking_date_obj: 2024-09-01
INFO 2024-08-23 23:55:48,831 item: Badminton at Lions
INFO 2024-08-23 23:55:48,839 item_court: Court 6 (Indoor) of Badminton
INFO 2024-08-23 23:55:48,840 item_time object: 13:00:00 - 14:00:00 - Court 6
INFO 2024-08-23 23:55:48,850 order booked: 2024-09-01 - 13:00:00 - 14:00:00 - lions_ - 30 - Closed - Court 6
INFO 2024-08-23 23:55:48,850 "POST /book-slot/ HTTP/1.1" 302 0
INFO 2024-08-23 23:55:48,856 selected date: 2024-09-01
INFO 2024-08-23 23:55:49,548 "GET /admin-schedule/?date=2024-09-01 HTTP/1.1" 200 98822
INFO 2024-08-23 23:55:55,924 user: test_test - test - test - test_test@dummy.com -  
INFO 2024-08-23 23:55:55,926 slot ['14:00-15:00', 'Court 4', '2024-09-01', '30']
INFO 2024-08-23 23:55:55,926 start: 14:00-15:00
INFO 2024-08-23 23:55:55,926 court: Court 4
INFO 2024-08-23 23:55:55,926 booking_date: 2024-09-01
INFO 2024-08-23 23:55:55,926 price: 30
INFO 2024-08-23 23:55:55,926 start_time: 14:00:00
INFO 2024-08-23 23:55:55,926 end_time: 15:00:00
INFO 2024-08-23 23:55:55,926 booking_date_obj: 2024-09-01
INFO 2024-08-23 23:55:55,929 item: Badminton at Lions
INFO 2024-08-23 23:55:55,932 item_court: Court 4 (Indoor) of Badminton
INFO 2024-08-23 23:55:55,933 item_time object: 14:00:00 - 15:00:00 - Court 4
INFO 2024-08-23 23:55:55,944 order booked: 2024-09-01 - 14:00:00 - 15:00:00 - test_test - 30 - Closed - Court 4
INFO 2024-08-23 23:55:55,944 slot ['13:00-14:00', 'Court 4', '2024-09-01', '30']
INFO 2024-08-23 23:55:55,944 start: 13:00-14:00
INFO 2024-08-23 23:55:55,944 court: Court 4
INFO 2024-08-23 23:55:55,944 booking_date: 2024-09-01
INFO 2024-08-23 23:55:55,944 price: 30
INFO 2024-08-23 23:55:55,944 start_time: 13:00:00
INFO 2024-08-23 23:55:55,944 end_time: 14:00:00
INFO 2024-08-23 23:55:55,944 booking_date_obj: 2024-09-01
INFO 2024-08-23 23:55:55,948 item: Badminton at Lions
INFO 2024-08-23 23:55:55,948 item_court: Court 4 (Indoor) of Badminton
INFO 2024-08-23 23:55:55,957 item_time object: 13:00:00 - 14:00:00 - Court 4
INFO 2024-08-23 23:55:55,965 order booked: 2024-09-01 - 13:00:00 - 14:00:00 - test_test - 30 - Closed - Court 4
INFO 2024-08-23 23:55:55,965 slot ['12:00-13:00', 'Court 4', '2024-09-01', '30']
INFO 2024-08-23 23:55:55,965 start: 12:00-13:00
INFO 2024-08-23 23:55:55,965 court: Court 4
INFO 2024-08-23 23:55:55,965 booking_date: 2024-09-01
INFO 2024-08-23 23:55:55,965 price: 30
INFO 2024-08-23 23:55:55,965 start_time: 12:00:00
INFO 2024-08-23 23:55:55,965 end_time: 13:00:00
INFO 2024-08-23 23:55:55,965 booking_date_obj: 2024-09-01
INFO 2024-08-23 23:55:55,968 item: Badminton at Lions
INFO 2024-08-23 23:55:55,973 item_court: Court 4 (Indoor) of Badminton
INFO 2024-08-23 23:55:55,973 item_time object: 12:00:00 - 13:00:00 - Court 4
INFO 2024-08-23 23:55:55,982 order booked: 2024-09-01 - 12:00:00 - 13:00:00 - test_test - 30 - Closed - Court 4
INFO 2024-08-23 23:55:55,982 slot ['12:00-13:00', 'Court 3', '2024-09-01', '30']
INFO 2024-08-23 23:55:55,982 start: 12:00-13:00
INFO 2024-08-23 23:55:55,982 court: Court 3
INFO 2024-08-23 23:55:55,982 booking_date: 2024-09-01
INFO 2024-08-23 23:55:55,982 price: 30
INFO 2024-08-23 23:55:55,982 start_time: 12:00:00
INFO 2024-08-23 23:55:55,982 end_time: 13:00:00
INFO 2024-08-23 23:55:55,982 booking_date_obj: 2024-09-01
INFO 2024-08-23 23:55:55,982 item: Badminton at Lions
INFO 2024-08-23 23:55:55,990 item_court: Court 3 (Unknown) of Badminton
INFO 2024-08-23 23:55:55,990 item_time object: 12:00:00 - 13:00:00 - Court 3
INFO 2024-08-23 23:55:55,998 order booked: 2024-09-01 - 12:00:00 - 13:00:00 - test_test - 30 - Closed - Court 3
INFO 2024-08-23 23:55:55,998 slot ['13:00-14:00', 'Court 3', '2024-09-01', '30']
INFO 2024-08-23 23:55:55,998 start: 13:00-14:00
INFO 2024-08-23 23:55:55,998 court: Court 3
INFO 2024-08-23 23:55:55,998 booking_date: 2024-09-01
INFO 2024-08-23 23:55:55,998 price: 30
INFO 2024-08-23 23:55:55,998 start_time: 13:00:00
INFO 2024-08-23 23:55:55,998 end_time: 14:00:00
INFO 2024-08-23 23:55:55,998 booking_date_obj: 2024-09-01
INFO 2024-08-23 23:55:56,007 item: Badminton at Lions
INFO 2024-08-23 23:55:56,008 item_court: Court 3 (Unknown) of Badminton
INFO 2024-08-23 23:55:56,008 item_time object: 13:00:00 - 14:00:00 - Court 3
INFO 2024-08-23 23:55:56,018 order booked: 2024-09-01 - 13:00:00 - 14:00:00 - test_test - 30 - Closed - Court 3
INFO 2024-08-23 23:55:56,018 slot ['14:00-15:00', 'Court 3', '2024-09-01', '30']
INFO 2024-08-23 23:55:56,018 start: 14:00-15:00
INFO 2024-08-23 23:55:56,018 court: Court 3
INFO 2024-08-23 23:55:56,023 booking_date: 2024-09-01
INFO 2024-08-23 23:55:56,023 price: 30
INFO 2024-08-23 23:55:56,023 start_time: 14:00:00
INFO 2024-08-23 23:55:56,023 end_time: 15:00:00
INFO 2024-08-23 23:55:56,023 booking_date_obj: 2024-09-01
INFO 2024-08-23 23:55:56,023 item: Badminton at Lions
INFO 2024-08-23 23:55:56,023 item_court: Court 3 (Unknown) of Badminton
INFO 2024-08-23 23:55:56,029 item_time object: 14:00:00 - 15:00:00 - Court 3
INFO 2024-08-23 23:55:56,040 order booked: 2024-09-01 - 14:00:00 - 15:00:00 - test_test - 30 - Closed - Court 3
INFO 2024-08-23 23:55:56,040 "POST /book-slot/ HTTP/1.1" 302 0
INFO 2024-08-23 23:55:56,040 selected date: 2024-09-01
INFO 2024-08-23 23:55:56,748 "GET /admin-schedule/?date=2024-09-01 HTTP/1.1" 200 98978
INFO 2024-08-23 23:56:05,531 user: Test_Test - test - test - test@asd.com -  
INFO 2024-08-23 23:56:05,531 slot ['15:00-16:00', 'Court 4', '2024-09-01', '30']
INFO 2024-08-23 23:56:05,531 start: 15:00-16:00
INFO 2024-08-23 23:56:05,531 court: Court 4
INFO 2024-08-23 23:56:05,531 booking_date: 2024-09-01
INFO 2024-08-23 23:56:05,531 price: 30
INFO 2024-08-23 23:56:05,531 start_time: 15:00:00
INFO 2024-08-23 23:56:05,531 end_time: 16:00:00
INFO 2024-08-23 23:56:05,531 booking_date_obj: 2024-09-01
INFO 2024-08-23 23:56:05,538 item: Badminton at Lions
INFO 2024-08-23 23:56:05,538 item_court: Court 4 (Indoor) of Badminton
INFO 2024-08-23 23:56:05,546 item_time object: 15:00:00 - 16:00:00 - Court 4
INFO 2024-08-23 23:56:05,555 order booked: 2024-09-01 - 15:00:00 - 16:00:00 - Test_Test - 30 - Closed - Court 4
INFO 2024-08-23 23:56:05,555 slot ['15:00-16:00', 'Court 3', '2024-09-01', '30']
INFO 2024-08-23 23:56:05,555 start: 15:00-16:00
INFO 2024-08-23 23:56:05,555 court: Court 3
INFO 2024-08-23 23:56:05,555 booking_date: 2024-09-01
INFO 2024-08-23 23:56:05,555 price: 30
INFO 2024-08-23 23:56:05,555 start_time: 15:00:00
INFO 2024-08-23 23:56:05,557 end_time: 16:00:00
INFO 2024-08-23 23:56:05,557 booking_date_obj: 2024-09-01
INFO 2024-08-23 23:56:05,558 item: Badminton at Lions
INFO 2024-08-23 23:56:05,558 item_court: Court 3 (Unknown) of Badminton
INFO 2024-08-23 23:56:05,565 item_time object: 15:00:00 - 16:00:00 - Court 3
INFO 2024-08-23 23:56:05,578 order booked: 2024-09-01 - 15:00:00 - 16:00:00 - Test_Test - 30 - Closed - Court 3
INFO 2024-08-23 23:56:05,578 slot ['16:00-17:00', 'Court 4', '2024-09-01', '30']
INFO 2024-08-23 23:56:05,578 start: 16:00-17:00
INFO 2024-08-23 23:56:05,578 court: Court 4
INFO 2024-08-23 23:56:05,578 booking_date: 2024-09-01
INFO 2024-08-23 23:56:05,578 price: 30
INFO 2024-08-23 23:56:05,580 start_time: 16:00:00
INFO 2024-08-23 23:56:05,580 end_time: 17:00:00
INFO 2024-08-23 23:56:05,580 booking_date_obj: 2024-09-01
INFO 2024-08-23 23:56:05,580 item: Badminton at Lions
INFO 2024-08-23 23:56:05,588 item_court: Court 4 (Indoor) of Badminton
INFO 2024-08-23 23:56:05,588 item_time object: 16:00:00 - 17:00:00 - Court 4
INFO 2024-08-23 23:56:05,598 order booked: 2024-09-01 - 16:00:00 - 17:00:00 - Test_Test - 30 - Closed - Court 4
INFO 2024-08-23 23:56:05,598 slot ['16:00-17:00', 'Court 3', '2024-09-01', '30']
INFO 2024-08-23 23:56:05,598 start: 16:00-17:00
INFO 2024-08-23 23:56:05,598 court: Court 3
INFO 2024-08-23 23:56:05,604 booking_date: 2024-09-01
INFO 2024-08-23 23:56:05,604 price: 30
INFO 2024-08-23 23:56:05,604 start_time: 16:00:00
INFO 2024-08-23 23:56:05,604 end_time: 17:00:00
INFO 2024-08-23 23:56:05,604 booking_date_obj: 2024-09-01
INFO 2024-08-23 23:56:05,604 item: Badminton at Lions
INFO 2024-08-23 23:56:05,609 item_court: Court 3 (Unknown) of Badminton
INFO 2024-08-23 23:56:05,613 item_time object: 16:00:00 - 17:00:00 - Court 3
INFO 2024-08-23 23:56:05,621 order booked: 2024-09-01 - 16:00:00 - 17:00:00 - Test_Test - 30 - Closed - Court 3
INFO 2024-08-23 23:56:05,621 "POST /book-slot/ HTTP/1.1" 302 0
INFO 2024-08-23 23:56:05,628 selected date: 2024-09-01
INFO 2024-08-23 23:56:06,368 "GET /admin-schedule/?date=2024-09-01 HTTP/1.1" 200 99082
